<?xml version="1.0" encoding="utf-8"?><testsuites name="pytest tests"><testsuite name="pytest" errors="0" failures="0" skipped="0" tests="15" time="3.247" timestamp="2026-02-26T16:06:46.649134+00:00" hostname="agent-env-2166baa0-13d2-411a-b3f9-8fd5284808eb"><testcase classname="backend.tests.test_autodestroy_iteration2.TestAuth" name="test_admin_login" time="0.566" /><testcase classname="backend.tests.test_autodestroy_iteration2.TestAuth" name="test_get_current_user" time="0.668" /><testcase classname="backend.tests.test_autodestroy_iteration2.TestAdminStripeSettings" name="test_get_stripe_settings_authenticated" time="0.116" /><testcase classname="backend.tests.test_autodestroy_iteration2.TestAdminStripeSettings" name="test_get_stripe_settings_mode_valid" time="0.127" /><testcase classname="backend.tests.test_autodestroy_iteration2.TestAdminStripeSettings" name="test_get_stripe_settings_key_preview_format" time="0.226" /><testcase classname="backend.tests.test_autodestroy_iteration2.TestAdminStripeSettings" name="test_get_stripe_settings_unauthorized" time="0.117" /><testcase classname="backend.tests.test_autodestroy_iteration2.TestAdminStripeSettings" name="test_put_stripe_settings_switch_to_sandbox" time="0.163" /><testcase classname="backend.tests.test_autodestroy_iteration2.TestAdminStripeSettings" name="test_put_stripe_settings_invalid_key_format" time="0.142" /><testcase classname="backend.tests.test_autodestroy_iteration2.TestAdminStripeSettings" name="test_put_stripe_settings_invalid_mode" time="0.116" /><testcase classname="backend.tests.test_autodestroy_iteration2.TestAdminStripeSettings" name="test_put_stripe_settings_unauthorized" time="0.156" /><testcase classname="backend.tests.test_autodestroy_iteration2.TestPDFViewer" name="test_view_link_endpoint" time="0.203" /><testcase classname="backend.tests.test_autodestroy_iteration2.TestPDFViewer" name="test_view_pdf_direct_endpoint" time="0.160" /><testcase classname="backend.tests.test_autodestroy_iteration2.TestDashboardAPI" name="test_dashboard_stats" time="0.112" /><testcase classname="backend.tests.test_autodestroy_iteration2.TestLanguageAPI" name="test_update_language" time="0.131" /><testcase classname="backend.tests.test_autodestroy_iteration2.TestLanguageAPI" name="test_update_language_back_to_english" time="0.123" /></testsuite></testsuites>